<?xml version="1.0" encoding="UTF-8"?>
<testng-results skipped="0" failed="0" ignored="0" total="4" passed="4">
  <reporter-output>
  </reporter-output>
  <suite name="Default suite" duration-ms="397712" started-at="2018-11-16T05:45:38Z" finished-at="2018-11-16T05:52:15Z">
    <groups>
    </groups>
    <test name="Default test" duration-ms="397712" started-at="2018-11-16T05:45:38Z" finished-at="2018-11-16T05:52:15Z">
      <class name="myPackage.myclass">
        <test-method status="PASS" signature="test(java.lang.String, java.lang.String)[pri:0, instance:myPackage.myclass@224edc67]" name="test" duration-ms="76980" started-at="2018-11-16T05:45:38Z" data-provider="getdata" finished-at="2018-11-16T05:46:55Z">
          <params>
            <param index="0">
              <value>
                <![CDATA[mngr161703]]>
              </value>
            </param>
            <param index="1">
              <value>
                <![CDATA[dysUruh]]>
              </value>
            </param>
          </params>
          <reporter-output>
          </reporter-output>
        </test-method> <!-- test -->
        <test-method status="PASS" signature="test(java.lang.String, java.lang.String)[pri:0, instance:myPackage.myclass@224edc67]" name="test" duration-ms="94171" started-at="2018-11-16T05:46:55Z" data-provider="getdata" finished-at="2018-11-16T05:48:30Z">
          <params>
            <param index="0">
              <value>
                <![CDATA[hi@gmail.com]]>
              </value>
            </param>
            <param index="1">
              <value>
                <![CDATA[dysUruh]]>
              </value>
            </param>
          </params>
          <reporter-output>
          </reporter-output>
        </test-method> <!-- test -->
        <test-method status="PASS" signature="test(java.lang.String, java.lang.String)[pri:0, instance:myPackage.myclass@224edc67]" name="test" duration-ms="109035" started-at="2018-11-16T05:48:30Z" data-provider="getdata" finished-at="2018-11-16T05:50:19Z">
          <params>
            <param index="0">
              <value>
                <![CDATA[mngr161703]]>
              </value>
            </param>
            <param index="1">
              <value>
                <![CDATA[h12332]]>
              </value>
            </param>
          </params>
          <reporter-output>
          </reporter-output>
        </test-method> <!-- test -->
        <test-method status="PASS" signature="test(java.lang.String, java.lang.String)[pri:0, instance:myPackage.myclass@224edc67]" name="test" duration-ms="116875" started-at="2018-11-16T05:50:19Z" data-provider="getdata" finished-at="2018-11-16T05:52:15Z">
          <params>
            <param index="0">
              <value>
                <![CDATA[kamal]]>
              </value>
            </param>
            <param index="1">
              <value>
                <![CDATA[2312hfjd]]>
              </value>
            </param>
          </params>
          <reporter-output>
          </reporter-output>
        </test-method> <!-- test -->
      </class> <!-- myPackage.myclass -->
    </test> <!-- Default test -->
  </suite> <!-- Default suite -->
</testng-results>
