<?xml version="1.0" encoding="UTF-8"?>
<!-- Generated by org.testng.reporters.JUnitXMLReporter -->
<testsuite hostname="DESKTOP-NDGTBT0" ignored="0" name="Default test" tests="4" failures="0" timestamp="16 Nov 2018 05:52:17 GMT" time="397.712" errors="0">
  <testcase name="test" time="76.98" classname="myPackage.myclass"/>
  <testcase name="test" time="94.171" classname="myPackage.myclass"/>
  <testcase name="test" time="109.035" classname="myPackage.myclass"/>
  <testcase name="test" time="116.875" classname="myPackage.myclass"/>
</testsuite> <!-- Default test -->
